<?xml version="1.0" encoding="UTF-8"?>
<coverage generated="1783525009419" clover="3.2.0">
  <project timestamp="1783525009419" name="All files">
    <metrics statements="26" coveredstatements="26" conditionals="40" coveredconditionals="40" methods="6" coveredmethods="5" elements="72" coveredelements="71" complexity="0" loc="26" ncloc="26" packages="1" files="2" classes="2"/>
    <file name="parser.ts" path="/Users/aryandahiya/Desktop/Main Projects/Command Deck/functions/src/parser.ts">
      <metrics statements="9" coveredstatements="9" conditionals="14" coveredconditionals="14" methods="2" coveredmethods="2"/>
      <line num="9" count="2" type="stmt"/>
      <line num="11" count="2" type="stmt"/>
      <line num="26" count="26" type="stmt"/>
      <line num="27" count="26" type="stmt"/>
      <line num="29" count="26" type="stmt"/>
      <line num="31" count="26" type="stmt"/>
      <line num="34" count="26" type="cond" truecount="2" falsecount="0"/>
      <line num="38" count="26" type="stmt"/>
      <line num="45" count="8" type="stmt"/>
    </file>
    <file name="rag.ts" path="/Users/aryandahiya/Desktop/Main Projects/Command Deck/functions/src/rag.ts">
      <metrics statements="17" coveredstatements="17" conditionals="26" coveredconditionals="26" methods="4" coveredmethods="3"/>
      <line num="3" count="2" type="stmt"/>
      <line num="14" count="30" type="cond" truecount="6" falsecount="0"/>
      <line num="15" count="26" type="stmt"/>
      <line num="16" count="26" type="stmt"/>
      <line num="17" count="26" type="stmt"/>
      <line num="18" count="26" type="stmt"/>
      <line num="19" count="1600" type="stmt"/>
      <line num="20" count="1600" type="stmt"/>
      <line num="21" count="1600" type="stmt"/>
      <line num="23" count="26" type="cond" truecount="6" falsecount="0"/>
      <line num="24" count="22" type="stmt"/>
      <line num="35" count="6" type="cond" truecount="6" falsecount="0"/>
      <line num="36" count="2" type="stmt"/>
      <line num="39" count="4" type="stmt"/>
      <line num="44" count="4" type="cond" truecount="8" falsecount="0"/>
      <line num="45" count="3" type="stmt"/>
      <line num="47" count="1" type="stmt"/>
    </file>
  </project>
</coverage>
