{"/Users/aryandahiya/Desktop/Main Projects/Command Deck/functions/src/parser.ts": {"path":"/Users/aryandahiya/Desktop/Main Projects/Command Deck/functions/src/parser.ts","statementMap":{"0":{"start":{"line":9,"column":25},"end":{"line":9,"column":71}},"1":{"start":{"line":11,"column":50},"end":{"line":16,"column":null}},"2":{"start":{"line":26,"column":2},"end":{"line":46,"column":null}},"3":{"start":{"line":27,"column":18},"end":{"line":27,"column":29}},"4":{"start":{"line":29,"column":4},"end":{"line":29,"column":null}},"5":{"start":{"line":31,"column":19},"end":{"line":31,"column":65}},"6":{"start":{"line":34,"column":21},"end":{"line":36,"column":16}},"7":{"start":{"line":38,"column":4},"end":{"line":43,"column":null}},"8":{"start":{"line":45,"column":4},"end":{"line":45,"column":null}},"9":{"start":{"line":9,"column":25},"end":{"line":9,"column":null}},"10":{"start":{"line":27,"column":18},"end":{"line":27,"column":null}},"11":{"start":{"line":31,"column":19},"end":{"line":31,"column":null}},"12":{"start":{"line":34,"column":21},"end":{"line":36,"column":null}}},"fnMap":{"0":{"name":"parseGeminiResponse","decl":{"start":{"line":25,"column":16},"end":{"line":25,"column":35}},"loc":{"start":{"line":25,"column":48},"end":{"line":47,"column":null}},"line":25},"1":{"name":"parseGeminiResponse","decl":{"start":{"line":25,"column":16},"end":{"line":25,"column":36}},"loc":{"start":{"line":25,"column":74},"end":{"line":47,"column":null}},"line":25}},"branchMap":{"0":{"loc":{"start":{"line":34,"column":21},"end":{"line":36,"column":16}},"type":"cond-expr","locations":[{"start":{"line":35,"column":9},"end":{"line":35,"column":null}},{"start":{"line":36,"column":8},"end":{"line":36,"column":16}}],"line":34},"1":{"loc":{"start":{"line":40,"column":13},"end":{"line":40,"column":86}},"type":"cond-expr","locations":[{"start":{"line":40,"column":48},"end":{"line":40,"column":60}},{"start":{"line":40,"column":63},"end":{"line":40,"column":86}}],"line":40},"2":{"loc":{"start":{"line":41,"column":25},"end":{"line":41,"column":134}},"type":"cond-expr","locations":[{"start":{"line":41,"column":72},"end":{"line":41,"column":96}},{"start":{"line":41,"column":99},"end":{"line":41,"column":134}}],"line":41},"3":{"loc":{"start":{"line":42,"column":17},"end":{"line":42,"column":null}},"type":"cond-expr","locations":[{"start":{"line":42,"column":56},"end":{"line":42,"column":72}},{"start":{"line":42,"column":75},"end":{"line":42,"column":null}}],"line":42},"4":{"loc":{"start":{"line":40,"column":13},"end":{"line":40,"column":null}},"type":"cond-expr","locations":[{"start":{"line":40,"column":48},"end":{"line":40,"column":63}},{"start":{"line":40,"column":63},"end":{"line":40,"column":null}}],"line":40},"5":{"loc":{"start":{"line":41,"column":25},"end":{"line":41,"column":null}},"type":"cond-expr","locations":[{"start":{"line":41,"column":72},"end":{"line":41,"column":99}},{"start":{"line":41,"column":99},"end":{"line":41,"column":null}}],"line":41},"6":{"loc":{"start":{"line":42,"column":17},"end":{"line":42,"column":null}},"type":"cond-expr","locations":[{"start":{"line":42,"column":56},"end":{"line":42,"column":75}},{"start":{"line":42,"column":75},"end":{"line":42,"column":null}}],"line":42}},"s":{"0":2,"1":2,"2":26,"3":26,"4":26,"5":26,"6":26,"7":26,"8":8,"9":1,"10":26,"11":26,"12":26},"f":{"0":13,"1":26},"b":{"0":[16,2],"1":[14,4],"2":[14,4],"3":[14,4],"4":[7,2],"5":[7,2],"6":[14,4]},"meta":{"lastBranch":4,"lastFunction":1,"lastStatement":9,"seen":{"s:9:25:9:71":0,"s:11:50:16:Infinity":1,"f:25:16:25:35":0,"s:26:2:46:Infinity":2,"s:27:18:27:29":3,"s:29:4:29:Infinity":4,"s:31:19:31:65":5,"s:34:21:36:16":6,"b:35:9:35:Infinity:36:8:36:16":0,"s:38:4:43:Infinity":7,"b:40:48:40:60:40:63:40:86":1,"b:41:72:41:96:41:99:41:134":2,"b:42:56:42:72:42:75:42:Infinity":3,"s:45:4:45:Infinity":8},"fnNames":{}}}
,"/Users/aryandahiya/Desktop/Main Projects/Command Deck/functions/src/rag.ts": {"path":"/Users/aryandahiya/Desktop/Main Projects/Command Deck/functions/src/rag.ts","statementMap":{"0":{"start":{"line":3,"column":11},"end":{"line":3,"column":66}},"1":{"start":{"line":14,"column":2},"end":{"line":14,"column":null}},"2":{"start":{"line":14,"column":56},"end":{"line":14,"column":null}},"3":{"start":{"line":15,"column":19},"end":{"line":15,"column":20}},"4":{"start":{"line":16,"column":14},"end":{"line":16,"column":15}},"5":{"start":{"line":17,"column":14},"end":{"line":17,"column":15}},"6":{"start":{"line":18,"column":2},"end":{"line":22,"column":null}},"7":{"start":{"line":18,"column":15},"end":{"line":18,"column":16}},"8":{"start":{"line":19,"column":4},"end":{"line":19,"column":null}},"9":{"start":{"line":20,"column":4},"end":{"line":20,"column":null}},"10":{"start":{"line":21,"column":4},"end":{"line":21,"column":null}},"11":{"start":{"line":23,"column":2},"end":{"line":23,"column":null}},"12":{"start":{"line":23,"column":34},"end":{"line":23,"column":null}},"13":{"start":{"line":24,"column":2},"end":{"line":24,"column":null}},"14":{"start":{"line":35,"column":2},"end":{"line":37,"column":null}},"15":{"start":{"line":36,"column":4},"end":{"line":36,"column":null}},"16":{"start":{"line":39,"column":19},"end":{"line":42,"column":4}},"17":{"start":{"line":44,"column":2},"end":{"line":46,"column":null}},"18":{"start":{"line":45,"column":4},"end":{"line":45,"column":null}},"19":{"start":{"line":47,"column":2},"end":{"line":47,"column":null}},"20":{"start":{"line":3,"column":11},"end":{"line":3,"column":null}},"21":{"start":{"line":15,"column":19},"end":{"line":15,"column":null}},"22":{"start":{"line":16,"column":14},"end":{"line":16,"column":null}},"23":{"start":{"line":17,"column":14},"end":{"line":17,"column":null}},"24":{"start":{"line":18,"column":15},"end":{"line":18,"column":18}},"25":{"start":{"line":39,"column":19},"end":{"line":42,"column":null}}},"fnMap":{"0":{"name":"cosineSimilarity","decl":{"start":{"line":13,"column":16},"end":{"line":13,"column":32}},"loc":{"start":{"line":13,"column":63},"end":{"line":25,"column":null}},"line":13},"1":{"name":"getEmbedding","decl":{"start":{"line":34,"column":22},"end":{"line":34,"column":34}},"loc":{"start":{"line":34,"column":47},"end":{"line":48,"column":null}},"line":34},"2":{"name":"cosineSimilarity","decl":{"start":{"line":13,"column":16},"end":{"line":13,"column":33}},"loc":{"start":{"line":13,"column":73},"end":{"line":25,"column":null}},"line":13},"3":{"name":"getEmbedding","decl":{"start":{"line":34,"column":22},"end":{"line":34,"column":35}},"loc":{"start":{"line":34,"column":68},"end":{"line":48,"column":null}},"line":34}},"branchMap":{"0":{"loc":{"start":{"line":14,"column":2},"end":{"line":14,"column":null}},"type":"if","locations":[{"start":{"line":14,"column":2},"end":{"line":14,"column":null}},{"start":{},"end":{}}],"line":14},"1":{"loc":{"start":{"line":14,"column":6},"end":{"line":14,"column":54}},"type":"binary-expr","locations":[{"start":{"line":14,"column":6},"end":{"line":14,"column":33}},{"start":{"line":14,"column":37},"end":{"line":14,"column":54}}],"line":14},"2":{"loc":{"start":{"line":23,"column":2},"end":{"line":23,"column":null}},"type":"if","locations":[{"start":{"line":23,"column":2},"end":{"line":23,"column":null}},{"start":{},"end":{}}],"line":23},"3":{"loc":{"start":{"line":23,"column":6},"end":{"line":23,"column":32}},"type":"binary-expr","locations":[{"start":{"line":23,"column":6},"end":{"line":23,"column":17}},{"start":{"line":23,"column":21},"end":{"line":23,"column":32}}],"line":23},"4":{"loc":{"start":{"line":35,"column":2},"end":{"line":37,"column":null}},"type":"if","locations":[{"start":{"line":35,"column":2},"end":{"line":37,"column":null}},{"start":{},"end":{}}],"line":35},"5":{"loc":{"start":{"line":35,"column":6},"end":{"line":35,"column":39}},"type":"binary-expr","locations":[{"start":{"line":35,"column":6},"end":{"line":35,"column":11}},{"start":{"line":35,"column":15},"end":{"line":35,"column":39}}],"line":35},"6":{"loc":{"start":{"line":44,"column":2},"end":{"line":46,"column":null}},"type":"if","locations":[{"start":{"line":44,"column":2},"end":{"line":46,"column":null}},{"start":{},"end":{}}],"line":44},"7":{"loc":{"start":{"line":44,"column":6},"end":{"line":44,"column":96}},"type":"binary-expr","locations":[{"start":{"line":44,"column":6},"end":{"line":44,"column":26}},{"start":{"line":44,"column":30},"end":{"line":44,"column":62}},{"start":{"line":44,"column":66},"end":{"line":44,"column":96}}],"line":44},"8":{"loc":{"start":{"line":14,"column":6},"end":{"line":14,"column":56}},"type":"binary-expr","locations":[{"start":{"line":14,"column":6},"end":{"line":14,"column":37}},{"start":{"line":14,"column":37},"end":{"line":14,"column":56}}],"line":14},"9":{"loc":{"start":{"line":23,"column":6},"end":{"line":23,"column":34}},"type":"binary-expr","locations":[{"start":{"line":23,"column":6},"end":{"line":23,"column":21}},{"start":{"line":23,"column":21},"end":{"line":23,"column":34}}],"line":23},"10":{"loc":{"start":{"line":35,"column":6},"end":{"line":35,"column":41}},"type":"binary-expr","locations":[{"start":{"line":35,"column":6},"end":{"line":35,"column":15}},{"start":{"line":35,"column":15},"end":{"line":35,"column":41}}],"line":35},"11":{"loc":{"start":{"line":44,"column":6},"end":{"line":44,"column":98}},"type":"binary-expr","locations":[{"start":{"line":44,"column":6},"end":{"line":44,"column":30}},{"start":{"line":44,"column":30},"end":{"line":44,"column":66}},{"start":{"line":44,"column":66},"end":{"line":44,"column":98}}],"line":44}},"s":{"0":2,"1":30,"2":4,"3":26,"4":26,"5":26,"6":26,"7":26,"8":1600,"9":1600,"10":1600,"11":26,"12":4,"13":22,"14":6,"15":2,"16":4,"17":4,"18":3,"19":1,"20":1,"21":13,"22":13,"23":13,"24":26,"25":4},"f":{"0":15,"1":0,"2":30,"3":6},"b":{"0":[4,26],"1":[30,28],"2":[4,22],"3":[26,24],"4":[2,4],"5":[6,5],"6":[3,1],"7":[4,3,2],"8":[17,27],"9":[15,23],"10":[6,5],"11":[4,3,2]},"meta":{"lastBranch":8,"lastFunction":2,"lastStatement":20,"seen":{"s:3:11:3:66":0,"f:13:16:13:32":0,"b:14:2:14:Infinity:undefined:undefined:undefined:undefined":0,"s:14:2:14:Infinity":1,"b:14:6:14:33:14:37:14:54":1,"s:14:56:14:Infinity":2,"s:15:19:15:20":3,"s:16:14:16:15":4,"s:17:14:17:15":5,"s:18:2:22:Infinity":6,"s:18:15:18:16":7,"s:19:4:19:Infinity":8,"s:20:4:20:Infinity":9,"s:21:4:21:Infinity":10,"b:23:2:23:Infinity:undefined:undefined:undefined:undefined":2,"s:23:2:23:Infinity":11,"b:23:6:23:17:23:21:23:32":3,"s:23:34:23:Infinity":12,"s:24:2:24:Infinity":13,"f:34:22:34:34":1,"b:35:2:37:Infinity:undefined:undefined:undefined:undefined":4,"s:35:2:37:Infinity":14,"b:35:6:35:11:35:15:35:39":5,"s:36:4:36:Infinity":15,"s:39:19:42:4":16,"b:44:2:46:Infinity:undefined:undefined:undefined:undefined":6,"s:44:2:46:Infinity":17,"b:44:6:44:26:44:30:44:62:44:66:44:96":7,"s:45:4:45:Infinity":18,"s:47:2:47:Infinity":19},"fnNames":{}}}
}
